TN:
SF:/www/sites/bu-dw-typescript/src/config/chart.ts
FNF:0
FNH:0
DA:1,1
LF:1
LH:1
BRF:0
BRH:0
end_of_record
TN:
SF:/www/sites/bu-dw-typescript/src/config/config.ts
FNF:0
FNH:0
DA:2,1
DA:4,1
DA:6,1
DA:13,1
DA:15,1
DA:26,1
DA:29,1
DA:34,1
DA:46,1
LF:9
LH:9
BRF:0
BRH:0
end_of_record
TN:
SF:/www/sites/bu-dw-typescript/src/controllers/charts/handleCharts.ts
FN:3,(anonymous_6)
FN:3,(anonymous_7)
FNF:2
FNH:2
FNDA:4,(anonymous_6)
FNDA:4,(anonymous_7)
DA:1,1
DA:3,4
DA:4,4
DA:7,4
DA:8,1
DA:10,1
DA:11,1
DA:13,0
DA:14,0
DA:16,0
DA:17,0
DA:18,0
DA:20,0
DA:22,0
DA:26,1
LF:15
LH:8
BRF:0
BRH:0
end_of_record
TN:
SF:/www/sites/bu-dw-typescript/src/controllers/data/handleData.ts
FNF:0
FNH:0
DA:1,1
DA:4,1
DA:6,1
DA:8,0
DA:10,0
DA:11,0
DA:13,0
DA:15,0
LF:8
LH:3
BRF:0
BRH:0
end_of_record
TN:
SF:/www/sites/bu-dw-typescript/src/services/charts/chartHandlers.ts
FN:17,(anonymous_8)
FN:17,(anonymous_9)
FN:21,(anonymous_10)
FN:41,(anonymous_13)
FN:41,(anonymous_14)
FN:45,(anonymous_15)
FN:63,(anonymous_18)
FN:63,(anonymous_19)
FN:67,(anonymous_20)
FN:82,(anonymous_23)
FN:83,(anonymous_24)
FN:92,(anonymous_25)
FNF:12
FNH:0
FNDA:0,(anonymous_8)
FNDA:0,(anonymous_9)
FNDA:0,(anonymous_10)
FNDA:0,(anonymous_13)
FNDA:0,(anonymous_14)
FNDA:0,(anonymous_15)
FNDA:0,(anonymous_18)
FNDA:0,(anonymous_19)
FNDA:0,(anonymous_20)
FNDA:0,(anonymous_23)
FNDA:0,(anonymous_24)
FNDA:0,(anonymous_25)
DA:1,1
DA:3,1
DA:5,1
DA:6,1
DA:9,3
DA:11,3
DA:12,3
DA:14,3
DA:17,0
DA:18,0
DA:19,0
DA:21,0
DA:23,0
DA:27,1
DA:29,1
DA:30,1
DA:32,1
DA:33,0
DA:34,0
DA:36,0
DA:41,0
DA:42,0
DA:43,0
DA:45,0
DA:47,0
DA:51,0
DA:53,0
DA:54,0
DA:56,0
DA:58,0
DA:63,0
DA:64,0
DA:65,0
DA:67,0
DA:69,0
DA:73,0
DA:75,0
DA:76,0
DA:78,0
DA:82,0
DA:84,0
DA:85,0
DA:92,0
DA:94,0
DA:97,1
LF:45
LH:13
BRF:0
BRH:0
end_of_record
TN:
SF:/www/sites/bu-dw-typescript/src/services/data/dataHandlers.ts
FN:22,(anonymous_8)
FN:22,(anonymous_9)
FN:38,(anonymous_10)
FN:42,(anonymous_11)
FN:47,shapeDataToJson
FN:52,handleSpecialCasesJson
FN:56,(anonymous_14)
FN:60,(anonymous_15)
FN:67,dataToCsv
FN:83,shapeGemeinde
FN:97,handleSpecialCase
FN:103,(anonymous_19)
FNF:12
FNH:3
FNDA:0,(anonymous_8)
FNDA:0,(anonymous_9)
FNDA:0,(anonymous_10)
FNDA:0,(anonymous_11)
FNDA:0,shapeDataToJson
FNDA:0,handleSpecialCasesJson
FNDA:0,(anonymous_14)
FNDA:0,(anonymous_15)
FNDA:0,dataToCsv
FNDA:1,shapeGemeinde
FNDA:1,handleSpecialCase
FNDA:50,(anonymous_19)
DA:1,1
DA:2,1
DA:7,1
DA:10,1
DA:11,1
DA:14,1
DA:16,1
DA:22,0
DA:23,0
DA:24,0
DA:27,0
DA:28,0
DA:29,0
DA:30,0
DA:32,0
DA:34,0
DA:39,0
DA:40,0
DA:43,0
DA:48,0
DA:49,0
DA:56,0
DA:57,0
DA:60,0
DA:61,0
DA:64,0
DA:68,0
DA:79,0
DA:80,0
DA:84,1
DA:86,1
DA:98,1
DA:99,1
DA:101,1
DA:103,1
DA:104,50
DA:107,1
DA:118,1
LF:38
LH:16
BRDA:89,0,0,1
BRDA:89,0,1,0
BRDA:90,1,0,1
BRDA:90,1,1,0
BRDA:91,2,0,1
BRDA:91,2,1,0
BRDA:92,3,0,1
BRDA:92,3,1,0
BRDA:110,4,0,1
BRDA:110,4,1,0
BRDA:111,5,0,1
BRDA:111,5,1,0
BRDA:112,6,0,1
BRDA:112,6,1,0
BRDA:114,7,0,1
BRDA:114,7,1,0
BRF:16
BRH:8
end_of_record
TN:
SF:/www/sites/bu-dw-typescript/tests/mockData.ts
FNF:0
FNH:0
DA:1,1
LF:1
LH:1
BRF:0
BRH:0
end_of_record
TN:
SF:/www/sites/bu-dw-typescript/tests/test.ts
FN:10,(anonymous_0)
FN:11,(anonymous_1)
FN:12,(anonymous_2)
FN:42,(anonymous_3)
FN:50,(anonymous_4)
FN:55,(anonymous_5)
FN:59,(anonymous_6)
FN:65,(anonymous_7)
FN:66,(anonymous_8)
FN:71,(anonymous_9)
FN:77,(anonymous_10)
FN:85,(anonymous_11)
FN:91,(anonymous_12)
FN:96,(anonymous_13)
FN:102,(anonymous_14)
FN:107,(anonymous_15)
FNF:16
FNH:12
FNDA:1,(anonymous_0)
FNDA:1,(anonymous_1)
FNDA:1,(anonymous_2)
FNDA:1,(anonymous_3)
FNDA:1,(anonymous_4)
FNDA:1,(anonymous_5)
FNDA:1,(anonymous_6)
FNDA:1,(anonymous_7)
FNDA:1,(anonymous_8)
FNDA:0,(anonymous_9)
FNDA:1,(anonymous_10)
FNDA:0,(anonymous_11)
FNDA:1,(anonymous_12)
FNDA:0,(anonymous_13)
FNDA:1,(anonymous_14)
FNDA:0,(anonymous_15)
DA:1,1
DA:2,1
DA:7,1
DA:8,1
DA:10,1
DA:11,1
DA:12,1
DA:38,1
DA:42,1
DA:44,1
DA:45,1
DA:50,1
DA:51,1
DA:52,1
DA:55,1
DA:56,1
DA:59,1
DA:60,1
DA:65,1
DA:66,1
DA:67,1
DA:71,1
DA:72,0
DA:73,0
DA:77,1
DA:83,1
DA:85,1
DA:86,0
DA:87,0
DA:91,1
DA:92,1
DA:96,1
DA:97,0
DA:98,0
DA:102,1
DA:103,1
DA:107,1
DA:108,0
DA:109,0
LF:39
LH:31
BRF:0
BRH:0
end_of_record
